{"level":"info","message":"start winston logs","timestamp":"2013-08-27T23:21:57.466Z"}
{"level":"info","message":"+CONNECT  TOTAL(0)","timestamp":"2013-08-27T23:22:02.115Z"}
{"level":"warn","message":"rebooting game","timestamp":"2013-08-27T23:22:33.202Z"}
{"level":"info","message":"-CONNECT","timestamp":"2013-08-27T23:22:35.141Z"}
{"level":"info","message":"+CONNECT  TOTAL(0)","timestamp":"2013-08-27T23:22:38.855Z"}
{"level":"info","message":"start winston logs","timestamp":"2013-08-27T23:23:22.235Z"}
{"level":"info","message":"+CONNECT  TOTAL(0)","timestamp":"2013-08-27T23:23:26.266Z"}
{"level":"warn","message":"rebooting game","timestamp":"2013-08-27T23:23:32.585Z"}
{"level":"warn","message":"rebooting websocket server","timestamp":"2013-08-27T23:23:32.612Z"}
{"level":"info","message":"-CONNECT","timestamp":"2013-08-27T23:23:32.617Z"}
{"level":"info","message":"start winston logs","timestamp":"2013-08-27T23:25:56.092Z"}
{"level":"info","message":"+CONNECT  TOTAL(0)","timestamp":"2013-08-27T23:26:00.250Z"}
{"level":"info","message":"-CONNECT","timestamp":"2013-08-27T23:27:16.992Z"}
{"level":"info","message":"+CONNECT  TOTAL(0)","timestamp":"2013-08-27T23:27:19.248Z"}
{"level":"info","message":"-CONNECT","timestamp":"2013-08-27T23:27:38.404Z"}
{"level":"info","message":"+CONNECT  TOTAL(0)","timestamp":"2013-08-27T23:27:40.759Z"}
{"level":"warn","message":"rebooting game","timestamp":"2013-08-27T23:27:46.217Z"}
{"level":"info","message":"-CONNECT","timestamp":"2013-08-27T23:27:48.827Z"}
{"level":"info","message":"+CONNECT  TOTAL(0)","timestamp":"2013-08-27T23:27:51.478Z"}
{"level":"info","message":"+CONNECT  TOTAL(1)","timestamp":"2013-08-27T23:28:01.315Z"}
{"level":"warn","message":"rebooting game","timestamp":"2013-08-27T23:28:07.737Z"}
{"level":"info","message":"-CONNECT","timestamp":"2013-08-27T23:28:17.415Z"}
{"level":"info","message":"+CONNECT  TOTAL(1)","timestamp":"2013-08-27T23:28:19.946Z"}
{"level":"info","message":"[19:28:28] anon: adsfasdf","timestamp":"2013-08-27T23:28:28.865Z"}
{"level":"info","message":"[19:28:32] anon: asdfasdf","timestamp":"2013-08-27T23:28:32.960Z"}
{"level":"info","message":"start winston logs","timestamp":"2013-08-27T23:31:01.081Z"}
{"level":"info","message":"+CONNECT  TOTAL(0)","timestamp":"2013-08-27T23:31:05.743Z"}
{"level":"info","message":"-CONNECT","timestamp":"2013-08-27T23:31:16.783Z"}
{"level":"info","message":"+CONNECT  TOTAL(0)","timestamp":"2013-08-27T23:31:19.303Z"}
{"level":"info","message":"[19:31:23] anon: asdfasdf","timestamp":"2013-08-27T23:31:23.377Z"}
{"level":"info","message":"[19:31:25] anon: sdf","timestamp":"2013-08-27T23:31:25.705Z"}
{"level":"warn","message":"rebooting game","timestamp":"2013-08-27T23:31:40.985Z"}
{"level":"info","message":"-CONNECT","timestamp":"2013-08-27T23:31:48.364Z"}
{"level":"info","message":"+CONNECT  TOTAL(0)","timestamp":"2013-08-27T23:31:50.734Z"}
{"level":"info","message":"+CONNECT  TOTAL(1)","timestamp":"2013-08-27T23:31:59.697Z"}
{"level":"warn","message":"rebooting game","timestamp":"2013-08-27T23:32:05.193Z"}
{"level":"info","message":"-CONNECT","timestamp":"2013-08-27T23:32:13.223Z"}
{"level":"info","message":"+CONNECT  TOTAL(1)","timestamp":"2013-08-27T23:32:15.701Z"}
{"level":"info","message":"-CONNECT","timestamp":"2013-08-27T23:33:02.461Z"}
